0 info it worked if it ends with ok
1 verbose cli [ 'C:\\Program Files\\nodejs\\\\node.exe',
1 verbose cli   'C:\\Program Files\\nodejs\\node_modules\\npm\\bin\\npm-cli.js',
1 verbose cli   'view',
1 verbose cli   'pluto' ]
2 info using npm@1.1.65
3 info using node@v0.8.14
4 verbose node symlink C:\Program Files\nodejs\\node.exe
5 verbose url raw pluto
6 verbose url resolving [ 'https://registry.npmjs.org/', './pluto' ]
7 verbose url resolved https://registry.npmjs.org/pluto
8 info trying registry request attempt 1 at 17:32:19
9 http GET https://registry.npmjs.org/pluto
10 http 404 https://registry.npmjs.org/pluto
11 silly registry.get cb [ 404,
11 silly registry.get   { server: 'CouchDB/1.2.0 (Erlang OTP/R15B)',
11 silly registry.get     date: 'Fri, 28 Dec 2012 01:31:15 GMT',
11 silly registry.get     'content-type': 'application/json',
11 silly registry.get     'content-length': '52',
11 silly registry.get     'cache-control': 'must-revalidate' } ]
12 error 404 'pluto' is not in the npm registry.
12 error 404 You should bug the author to publish it
12 error 404
12 error 404 Note that you can also install from a
12 error 404 tarball, folder, or http url, or git url.
13 error System Windows_NT 6.2.9200
14 error command "C:\\Program Files\\nodejs\\\\node.exe" "C:\\Program Files\\nodejs\\node_modules\\npm\\bin\\npm-cli.js" "view" "pluto"
15 error cwd C:\r\github\pluto
16 error node -v v0.8.14
17 error npm -v 1.1.65
18 error code E404
19 verbose exit [ 1, true ]
